<?xml version='1.0' encoding='UTF-8'?>
<testsuite hostname="RundeMacBook-Air.local" name="ParserTest" tests="9" errors="0" failures="0" skipped="0" time="0.03" timestamp="2025-05-11T11:21:34">
          <properties>
      <property name="java.specification.version" value="23"/><property name="sun.jnu.encoding" value="UTF-8"/><property name="java.class.path" value="/opt/homebrew/Cellar/sbt/1.10.11/libexec/bin/sbt-launch.jar"/><property name="java.vm.vendor" value="Homebrew"/><property name="sun.arch.data.model" value="64"/><property name="jline.shutdownhook" value="false"/><property name="java.vendor.url" value="https://github.com/Homebrew/homebrew-core/issues"/><property name="user.timezone" value="Europe/Copenhagen"/><property name="java.vm.specification.version" value="23"/><property name="os.name" value="Mac OS X"/><property name="sun.java.launcher" value="SUN_STANDARD"/><property name="user.country" value="CN"/><property name="sun.boot.library.path" value="/opt/homebrew/Cellar/openjdk/23.0.2/libexec/openjdk.jdk/Contents/Home/lib"/><property name="sun.java.command" value="/opt/homebrew/Cellar/sbt/1.10.11/libexec/bin/sbt-launch.jar test"/><property name="jdk.debug" value="release"/><property name="sun.cpu.endian" value="little"/><property name="user.home" value="/Users/runhao"/><property name="user.language" value="zh"/><property name="sbt.script" value="/opt/homebrew/Cellar/sbt/1.10.11/libexec/bin/sbt"/><property name="java.specification.vendor" value="Oracle Corporation"/><property name="sbt.ipcsocket.tmpdir" value="/var/folders/kj/zyj18_ss3h7917_rbdvt529r0000gn/T/.sbt92dfd99a/ipcsocket"/><property name="swoval.tmpdir" value="/var/folders/kj/zyj18_ss3h7917_rbdvt529r0000gn/T/.sbt92dfd99a/swoval"/><property name="java.version.date" value="2025-01-21"/><property name="java.home" value="/opt/homebrew/Cellar/openjdk/23.0.2/libexec/openjdk.jdk/Contents/Home"/><property name="file.separator" value="/"/><property name="java.vm.compressedOopsMode" value="Zero based"/><property name="line.separator" value="
"/><property name="java.vm.specification.vendor" value="Oracle Corporation"/><property name="java.specification.name" value="Java Platform API Specification"/><property name="apple.awt.application.name" value="Boot"/><property name="user.script" value="Hans"/><property name="jline.esc.timeout" value="0"/><property name="sun.management.compiler" value="HotSpot 64-Bit Tiered Compilers"/><property name="java.runtime.version" value="23.0.2"/><property name="user.name" value="runhao"/><property name="stdout.encoding" value="UTF-8"/><property name="path.separator" value=":"/><property name="os.version" value="15.4"/><property name="jna.nosys" value="true"/><property name="java.runtime.name" value="OpenJDK Runtime Environment"/><property name="log4j.ignoreTCL" value="true"/><property name="file.encoding" value="UTF-8"/><property name="java.vm.name" value="OpenJDK 64-Bit Server VM"/><property name="java.vendor.version" value="Homebrew"/><property name="java.vendor.url.bug" value="https://github.com/Homebrew/homebrew-core/issues"/><property name="java.io.tmpdir" value="/var/folders/kj/zyj18_ss3h7917_rbdvt529r0000gn/T/"/><property name="java.version" value="23.0.2"/><property name="user.dir" value="/Users/runhao/Desktop/softwarecorrectness/coursework/sbt_project_experiment"/><property name="os.arch" value="aarch64"/><property name="java.vm.specification.name" value="Java Virtual Machine Specification"/><property name="native.encoding" value="UTF-8"/><property name="java.library.path" value="/Users/runhao/Library/Java/Extensions:/Library/Java/Extensions:/Network/Library/Java/Extensions:/System/Library/Java/Extensions:/usr/lib/java:."/><property name="java.vm.info" value="mixed mode, sharing"/><property name="stderr.encoding" value="UTF-8"/><property name="java.vendor" value="Homebrew"/><property name="java.vm.version" value="23.0.2"/><property name="scala.ext.dirs" value="/Users/runhao/.sbt/1.0/java9-rt-ext-homebrew_23_0_2"/><property name="sun.io.unicode.encoding" value="UnicodeBig"/><property name="java.class.version" value="67.0"/>
    </properties>
          <testcase classname="ParserTest" name="Parse Circle" time="0.013">
                      
                    </testcase><testcase classname="ParserTest" name="Parse Rectangle" time="0.001">
                      
                    </testcase><testcase classname="ParserTest" name="Parse Line" time="0.001">
                      
                    </testcase><testcase classname="ParserTest" name="Parse TextAt" time="0.004">
                      
                    </testcase><testcase classname="ParserTest" name="Parse BoundingBox" time="0.001">
                      
                    </testcase><testcase classname="ParserTest" name="Parse Fill" time="0.001">
                      
                    </testcase><testcase classname="ParserTest" name="Parse Draw" time="0.008">
                      
                    </testcase><testcase classname="ParserTest" name="ReceiveCode returns Right with valid input" time="0.001">
                      
                    </testcase><testcase classname="ParserTest" name="ReceiveCode returns Left with invalid input" time="0.0">
                      
                    </testcase>
          <system-out><![CDATA[]]></system-out>
          <system-err><![CDATA[]]></system-err>
        </testsuite>